This is pdfTeX, Version 3.14159265-2.6-1.40.19 (MiKTeX 2.9.6745 64-bit) (preloaded format=pdflatex 2018.8.6)  12 AUG 2018 15:42
entering extended mode
**./_main.tex
(_main.tex
LaTeX2e <2018-04-01> patch level 5
("C:\Program Files\MiKTeX 2.9\tex\latex\base\book.cls"
Document Class: book 2014/09/29 v1.4h Standard LaTeX document class
("C:\Program Files\MiKTeX 2.9\tex\latex\base\bk10.clo"
File: bk10.clo 2014/09/29 v1.4h Standard LaTeX file (size option)
)
\c@part=\count80
\c@chapter=\count81
\c@section=\count82
\c@subsection=\count83
\c@subsubsection=\count84
\c@paragraph=\count85
\c@subparagraph=\count86
\c@figure=\count87
\c@table=\count88
\abovecaptionskip=\skip41
\belowcaptionskip=\skip42
\bibindent=\dimen102
) ("C:\Program Files\MiKTeX 2.9\tex\latex\lm\lmodern.sty"
Package: lmodern 2009/10/30 v1.6 Latin Modern Fonts
LaTeX Font Info:    Overwriting symbol font `operators' in version `normal'
(Font)                  OT1/cmr/m/n --> OT1/lmr/m/n on input line 22.
LaTeX Font Info:    Overwriting symbol font `letters' in version `normal'
(Font)                  OML/cmm/m/it --> OML/lmm/m/it on input line 23.
LaTeX Font Info:    Overwriting symbol font `symbols' in version `normal'
(Font)                  OMS/cmsy/m/n --> OMS/lmsy/m/n on input line 24.
LaTeX Font Info:    Overwriting symbol font `largesymbols' in version `normal'
(Font)                  OMX/cmex/m/n --> OMX/lmex/m/n on input line 25.
LaTeX Font Info:    Overwriting symbol font `operators' in version `bold'
(Font)                  OT1/cmr/bx/n --> OT1/lmr/bx/n on input line 26.
LaTeX Font Info:    Overwriting symbol font `letters' in version `bold'
(Font)                  OML/cmm/b/it --> OML/lmm/b/it on input line 27.
LaTeX Font Info:    Overwriting symbol font `symbols' in version `bold'
(Font)                  OMS/cmsy/b/n --> OMS/lmsy/b/n on input line 28.
LaTeX Font Info:    Overwriting symbol font `largesymbols' in version `bold'
(Font)                  OMX/cmex/m/n --> OMX/lmex/m/n on input line 29.
LaTeX Font Info:    Overwriting math alphabet `\mathbf' in version `normal'
(Font)                  OT1/cmr/bx/n --> OT1/lmr/bx/n on input line 31.
LaTeX Font Info:    Overwriting math alphabet `\mathsf' in version `normal'
(Font)                  OT1/cmss/m/n --> OT1/lmss/m/n on input line 32.
LaTeX Font Info:    Overwriting math alphabet `\mathit' in version `normal'
(Font)                  OT1/cmr/m/it --> OT1/lmr/m/it on input line 33.
LaTeX Font Info:    Overwriting math alphabet `\mathtt' in version `normal'
(Font)                  OT1/cmtt/m/n --> OT1/lmtt/m/n on input line 34.
LaTeX Font Info:    Overwriting math alphabet `\mathbf' in version `bold'
(Font)                  OT1/cmr/bx/n --> OT1/lmr/bx/n on input line 35.
LaTeX Font Info:    Overwriting math alphabet `\mathsf' in version `bold'
(Font)                  OT1/cmss/bx/n --> OT1/lmss/bx/n on input line 36.
LaTeX Font Info:    Overwriting math alphabet `\mathit' in version `bold'
(Font)                  OT1/cmr/bx/it --> OT1/lmr/bx/it on input line 37.
LaTeX Font Info:    Overwriting math alphabet `\mathtt' in version `bold'
(Font)                  OT1/cmtt/m/n --> OT1/lmtt/m/n on input line 38.
) ("C:\Program Files\MiKTeX 2.9\tex\latex\amsfonts\amssymb.sty"
Package: amssymb 2013/01/14 v3.01 AMS font symbols
("C:\Program Files\MiKTeX 2.9\tex\latex\amsfonts\amsfonts.sty"
Package: amsfonts 2013/01/14 v3.01 Basic AMSFonts support
\@emptytoks=\toks14
\symAMSa=\mathgroup4
\symAMSb=\mathgroup5
LaTeX Font Info:    Overwriting math alphabet `\mathfrak' in version `bold'
(Font)                  U/euf/m/n --> U/euf/b/n on input line 106.
)) ("C:\Program Files\MiKTeX 2.9\tex\latex\amsmath\amsmath.sty"
Package: amsmath 2017/09/02 v2.17a AMS math features
\@mathmargin=\skip43
For additional information on amsmath, use the `?' option.
("C:\Program Files\MiKTeX 2.9\tex\latex\amsmath\amstext.sty"
Package: amstext 2000/06/29 v2.01 AMS text
("C:\Program Files\MiKTeX 2.9\tex\latex\amsmath\amsgen.sty"
File: amsgen.sty 1999/11/30 v2.0 generic functions
\@emptytoks=\toks15
\ex@=\dimen103
)) ("C:\Program Files\MiKTeX 2.9\tex\latex\amsmath\amsbsy.sty"
Package: amsbsy 1999/11/29 v1.2d Bold Symbols
\pmbraise@=\dimen104
) ("C:\Program Files\MiKTeX 2.9\tex\latex\amsmath\amsopn.sty"
Package: amsopn 2016/03/08 v2.02 operator names
)
\inf@bad=\count89
LaTeX Info: Redefining \frac on input line 213.
\uproot@=\count90
\leftroot@=\count91
LaTeX Info: Redefining \overline on input line 375.
\classnum@=\count92
\DOTSCASE@=\count93
LaTeX Info: Redefining \ldots on input line 472.
LaTeX Info: Redefining \dots on input line 475.
LaTeX Info: Redefining \cdots on input line 596.
\Mathstrutbox@=\box26
\strutbox@=\box27
\big@size=\dimen105
LaTeX Font Info:    Redeclaring font encoding OML on input line 712.
LaTeX Font Info:    Redeclaring font encoding OMS on input line 713.
\macc@depth=\count94
\c@MaxMatrixCols=\count95
\dotsspace@=\muskip10
\c@parentequation=\count96
\dspbrk@lvl=\count97
\tag@help=\toks16
\row@=\count98
\column@=\count99
\maxfields@=\count100
\andhelp@=\toks17
\eqnshift@=\dimen106
\alignsep@=\dimen107
\tagshift@=\dimen108
\tagwidth@=\dimen109
\totwidth@=\dimen110
\lineht@=\dimen111
\@envbody=\toks18
\multlinegap=\skip44
\multlinetaggap=\skip45
\mathdisplay@stack=\toks19
LaTeX Info: Redefining \[ on input line 2817.
LaTeX Info: Redefining \] on input line 2818.
) ("C:\Program Files\MiKTeX 2.9\tex\generic\ifxetex\ifxetex.sty"
Package: ifxetex 2010/09/12 v0.6 Provides ifxetex conditional
) ("C:\Program Files\MiKTeX 2.9\tex\generic\oberdiek\ifluatex.sty"
Package: ifluatex 2016/05/16 v1.4 Provides the ifluatex switch (HO)
Package ifluatex Info: LuaTeX not detected.
) ("C:\Program Files\MiKTeX 2.9\tex\latex\base\fixltx2e.sty"
Package: fixltx2e 2016/12/29 v2.1a fixes to LaTeX (obsolete)
Applying: [2015/01/01] Old fixltx2e package on input line 46.

Package fixltx2e Warning: fixltx2e is not required with releases after 2015
(fixltx2e)                All fixes are now in the LaTeX kernel.
(fixltx2e)                See the latexrelease package for details.

Already applied: [0000/00/00] Old fixltx2e package on input line 53.
) ("C:\Program Files\MiKTeX 2.9\tex\latex\base\fontenc.sty"
Package: fontenc 2017/04/05 v2.0i Standard LaTeX package
("C:\Program Files\MiKTeX 2.9\tex\latex\base\t1enc.def"
File: t1enc.def 2017/04/05 v2.0i Standard LaTeX file
LaTeX Font Info:    Redeclaring font encoding T1 on input line 48.
)) ("C:\Program Files\MiKTeX 2.9\tex\latex\base\inputenc.sty"
Package: inputenc 2018/04/06 v1.3b Input encoding file
\inpenc@prehook=\toks20
\inpenc@posthook=\toks21
) ("C:\Program Files\MiKTeX 2.9\tex\latex\upquote\upquote.sty"
Package: upquote 2012/04/19 v1.3 upright-quote and grave-accent glyphs in verba
tim
("C:\Program Files\MiKTeX 2.9\tex\latex\base\textcomp.sty"
Package: textcomp 2017/04/05 v2.0i Standard LaTeX package
Package textcomp Info: Sub-encoding information:
(textcomp)               5 = only ISO-Adobe without \textcurrency
(textcomp)               4 = 5 + \texteuro
(textcomp)               3 = 4 + \textohm
(textcomp)               2 = 3 + \textestimated + \textcurrency
(textcomp)               1 = TS1 - \textcircled - \t
(textcomp)               0 = TS1 (full)
(textcomp)             Font families with sub-encoding setting implement
(textcomp)             only a restricted character set as indicated.
(textcomp)             Family '?' is the default used for unknown fonts.
(textcomp)             See the documentation for details.
Package textcomp Info: Setting ? sub-encoding to TS1/1 on input line 79.
("C:\Program Files\MiKTeX 2.9\tex\latex\base\ts1enc.def"
File: ts1enc.def 2001/06/05 v3.0e (jk/car/fm) Standard LaTeX file
Now handling font encoding TS1 ...
... processing UTF-8 mapping file for font encoding TS1
("C:\Program Files\MiKTeX 2.9\tex\latex\base\ts1enc.dfu"
File: ts1enc.dfu 2018/04/05 v1.2c UTF-8 support for inputenc
   defining Unicode char U+00A2 (decimal 162)
   defining Unicode char U+00A3 (decimal 163)
   defining Unicode char U+00A4 (decimal 164)
   defining Unicode char U+00A5 (decimal 165)
   defining Unicode char U+00A6 (decimal 166)
   defining Unicode char U+00A7 (decimal 167)
   defining Unicode char U+00A8 (decimal 168)
   defining Unicode char U+00A9 (decimal 169)
   defining Unicode char U+00AA (decimal 170)
   defining Unicode char U+00AC (decimal 172)
   defining Unicode char U+00AE (decimal 174)
   defining Unicode char U+00AF (decimal 175)
   defining Unicode char U+00B0 (decimal 176)
   defining Unicode char U+00B1 (decimal 177)
   defining Unicode char U+00B2 (decimal 178)
   defining Unicode char U+00B3 (decimal 179)
   defining Unicode char U+00B4 (decimal 180)
   defining Unicode char U+00B5 (decimal 181)
   defining Unicode char U+00B6 (decimal 182)
   defining Unicode char U+00B7 (decimal 183)
   defining Unicode char U+00B9 (decimal 185)
   defining Unicode char U+00BA (decimal 186)
   defining Unicode char U+00BC (decimal 188)
   defining Unicode char U+00BD (decimal 189)
   defining Unicode char U+00BE (decimal 190)
   defining Unicode char U+00D7 (decimal 215)
   defining Unicode char U+00F7 (decimal 247)
   defining Unicode char U+0192 (decimal 402)
   defining Unicode char U+02C7 (decimal 711)
   defining Unicode char U+02D8 (decimal 728)
   defining Unicode char U+02DD (decimal 733)
   defining Unicode char U+0E3F (decimal 3647)
   defining Unicode char U+2016 (decimal 8214)
   defining Unicode char U+2020 (decimal 8224)
   defining Unicode char U+2021 (decimal 8225)
   defining Unicode char U+2022 (decimal 8226)
   defining Unicode char U+2030 (decimal 8240)
   defining Unicode char U+2031 (decimal 8241)
   defining Unicode char U+203B (decimal 8251)
   defining Unicode char U+203D (decimal 8253)
   defining Unicode char U+2044 (decimal 8260)
   defining Unicode char U+204E (decimal 8270)
   defining Unicode char U+2052 (decimal 8274)
   defining Unicode char U+20A1 (decimal 8353)
   defining Unicode char U+20A4 (decimal 8356)
   defining Unicode char U+20A6 (decimal 8358)
   defining Unicode char U+20A9 (decimal 8361)
   defining Unicode char U+20AB (decimal 8363)
   defining Unicode char U+20AC (decimal 8364)
   defining Unicode char U+20B1 (decimal 8369)
   defining Unicode char U+2103 (decimal 8451)
   defining Unicode char U+2116 (decimal 8470)
   defining Unicode char U+2117 (decimal 8471)
   defining Unicode char U+211E (decimal 8478)
   defining Unicode char U+2120 (decimal 8480)
   defining Unicode char U+2122 (decimal 8482)
   defining Unicode char U+2126 (decimal 8486)
   defining Unicode char U+2127 (decimal 8487)
   defining Unicode char U+212E (decimal 8494)
   defining Unicode char U+2190 (decimal 8592)
   defining Unicode char U+2191 (decimal 8593)
   defining Unicode char U+2192 (decimal 8594)
   defining Unicode char U+2193 (decimal 8595)
   defining Unicode char U+2329 (decimal 9001)
   defining Unicode char U+232A (decimal 9002)
   defining Unicode char U+2422 (decimal 9250)
   defining Unicode char U+25E6 (decimal 9702)
   defining Unicode char U+25EF (decimal 9711)
   defining Unicode char U+266A (decimal 9834)
   defining Unicode char U+FEFF (decimal 65279)
))
LaTeX Info: Redefining \oldstylenums on input line 334.
Package textcomp Info: Setting cmr sub-encoding to TS1/0 on input line 349.
Package textcomp Info: Setting cmss sub-encoding to TS1/0 on input line 350.
Package textcomp Info: Setting cmtt sub-encoding to TS1/0 on input line 351.
Package textcomp Info: Setting cmvtt sub-encoding to TS1/0 on input line 352.
Package textcomp Info: Setting cmbr sub-encoding to TS1/0 on input line 353.
Package textcomp Info: Setting cmtl sub-encoding to TS1/0 on input line 354.
Package textcomp Info: Setting ccr sub-encoding to TS1/0 on input line 355.
Package textcomp Info: Setting ptm sub-encoding to TS1/4 on input line 356.
Package textcomp Info: Setting pcr sub-encoding to TS1/4 on input line 357.
Package textcomp Info: Setting phv sub-encoding to TS1/4 on input line 358.
Package textcomp Info: Setting ppl sub-encoding to TS1/3 on input line 359.
Package textcomp Info: Setting pag sub-encoding to TS1/4 on input line 360.
Package textcomp Info: Setting pbk sub-encoding to TS1/4 on input line 361.
Package textcomp Info: Setting pnc sub-encoding to TS1/4 on input line 362.
Package textcomp Info: Setting pzc sub-encoding to TS1/4 on input line 363.
Package textcomp Info: Setting bch sub-encoding to TS1/4 on input line 364.
Package textcomp Info: Setting put sub-encoding to TS1/5 on input line 365.
Package textcomp Info: Setting uag sub-encoding to TS1/5 on input line 366.
Package textcomp Info: Setting ugq sub-encoding to TS1/5 on input line 367.
Package textcomp Info: Setting ul8 sub-encoding to TS1/4 on input line 368.
Package textcomp Info: Setting ul9 sub-encoding to TS1/4 on input line 369.
Package textcomp Info: Setting augie sub-encoding to TS1/5 on input line 370.
Package textcomp Info: Setting dayrom sub-encoding to TS1/3 on input line 371.
Package textcomp Info: Setting dayroms sub-encoding to TS1/3 on input line 372.

Package textcomp Info: Setting pxr sub-encoding to TS1/0 on input line 373.
Package textcomp Info: Setting pxss sub-encoding to TS1/0 on input line 374.
Package textcomp Info: Setting pxtt sub-encoding to TS1/0 on input line 375.
Package textcomp Info: Setting txr sub-encoding to TS1/0 on input line 376.
Package textcomp Info: Setting txss sub-encoding to TS1/0 on input line 377.
Package textcomp Info: Setting txtt sub-encoding to TS1/0 on input line 378.
Package textcomp Info: Setting lmr sub-encoding to TS1/0 on input line 379.
Package textcomp Info: Setting lmdh sub-encoding to TS1/0 on input line 380.
Package textcomp Info: Setting lmss sub-encoding to TS1/0 on input line 381.
Package textcomp Info: Setting lmssq sub-encoding to TS1/0 on input line 382.
Package textcomp Info: Setting lmvtt sub-encoding to TS1/0 on input line 383.
Package textcomp Info: Setting lmtt sub-encoding to TS1/0 on input line 384.
Package textcomp Info: Setting qhv sub-encoding to TS1/0 on input line 385.
Package textcomp Info: Setting qag sub-encoding to TS1/0 on input line 386.
Package textcomp Info: Setting qbk sub-encoding to TS1/0 on input line 387.
Package textcomp Info: Setting qcr sub-encoding to TS1/0 on input line 388.
Package textcomp Info: Setting qcs sub-encoding to TS1/0 on input line 389.
Package textcomp Info: Setting qpl sub-encoding to TS1/0 on input line 390.
Package textcomp Info: Setting qtm sub-encoding to TS1/0 on input line 391.
Package textcomp Info: Setting qzc sub-encoding to TS1/0 on input line 392.
Package textcomp Info: Setting qhvc sub-encoding to TS1/0 on input line 393.
Package textcomp Info: Setting futs sub-encoding to TS1/4 on input line 394.
Package textcomp Info: Setting futx sub-encoding to TS1/4 on input line 395.
Package textcomp Info: Setting futj sub-encoding to TS1/4 on input line 396.
Package textcomp Info: Setting hlh sub-encoding to TS1/3 on input line 397.
Package textcomp Info: Setting hls sub-encoding to TS1/3 on input line 398.
Package textcomp Info: Setting hlst sub-encoding to TS1/3 on input line 399.
Package textcomp Info: Setting hlct sub-encoding to TS1/5 on input line 400.
Package textcomp Info: Setting hlx sub-encoding to TS1/5 on input line 401.
Package textcomp Info: Setting hlce sub-encoding to TS1/5 on input line 402.
Package textcomp Info: Setting hlcn sub-encoding to TS1/5 on input line 403.
Package textcomp Info: Setting hlcw sub-encoding to TS1/5 on input line 404.
Package textcomp Info: Setting hlcf sub-encoding to TS1/5 on input line 405.
Package textcomp Info: Setting pplx sub-encoding to TS1/3 on input line 406.
Package textcomp Info: Setting pplj sub-encoding to TS1/3 on input line 407.
Package textcomp Info: Setting ptmx sub-encoding to TS1/4 on input line 408.
Package textcomp Info: Setting ptmj sub-encoding to TS1/4 on input line 409.
)) ("C:\Program Files\MiKTeX 2.9\tex\latex\microtype\microtype.sty"
Package: microtype 2018/01/14 v2.7a Micro-typographical refinements (RS)
("C:\Program Files\MiKTeX 2.9\tex\latex\graphics\keyval.sty"
Package: keyval 2014/10/28 v1.15 key=value parser (DPC)
\KV@toks@=\toks22
)
\MT@toks=\toks23
\MT@count=\count101
LaTeX Info: Redefining \textls on input line 793.
\MT@outer@kern=\dimen112
LaTeX Info: Redefining \textmicrotypecontext on input line 1339.
\MT@listname@count=\count102
("C:\Program Files\MiKTeX 2.9\tex\latex\microtype\microtype-pdftex.def"
File: microtype-pdftex.def 2018/01/14 v2.7a Definitions specific to pdftex (RS)

LaTeX Info: Redefining \lsstyle on input line 913.
LaTeX Info: Redefining \lslig on input line 913.
\MT@outer@space=\skip46
)
Package microtype Info: Loading configuration file microtype.cfg.
("C:\Program Files\MiKTeX 2.9\tex\latex\microtype\microtype.cfg"
File: microtype.cfg 2018/01/14 v2.7a microtype main configuration file (RS)
)) ("C:\Program Files\MiKTeX 2.9\tex\latex\geometry\geometry.sty"
Package: geometry 2018/04/16 v5.8 Page Geometry
("C:\Program Files\MiKTeX 2.9\tex\generic\oberdiek\ifpdf.sty"
Package: ifpdf 2017/03/15 v3.2 Provides the ifpdf switch
) ("C:\Program Files\MiKTeX 2.9\tex\generic\oberdiek\ifvtex.sty"
Package: ifvtex 2016/05/16 v1.6 Detect VTeX and its facilities (HO)
Package ifvtex Info: VTeX not detected.
)
\Gm@cnth=\count103
\Gm@cntv=\count104
\c@Gm@tempcnt=\count105
\Gm@bindingoffset=\dimen113
\Gm@wd@mp=\dimen114
\Gm@odd@mp=\dimen115
\Gm@even@mp=\dimen116
\Gm@layoutwidth=\dimen117
\Gm@layoutheight=\dimen118
\Gm@layouthoffset=\dimen119
\Gm@layoutvoffset=\dimen120
\Gm@dimlist=\toks24
("C:\Program Files\MiKTeX 2.9\tex\latex\geometry\geometry.cfg")) ("C:\Program F
iles\MiKTeX 2.9\tex\latex\hyperref\hyperref.sty"
Package: hyperref 2018/02/06 v6.86b Hypertext links for LaTeX
("C:\Program Files\MiKTeX 2.9\tex\generic\oberdiek\hobsub-hyperref.sty"
Package: hobsub-hyperref 2016/05/16 v1.14 Bundle oberdiek, subset hyperref (HO)

("C:\Program Files\MiKTeX 2.9\tex\generic\oberdiek\hobsub-generic.sty"
Package: hobsub-generic 2016/05/16 v1.14 Bundle oberdiek, subset generic (HO)
Package: hobsub 2016/05/16 v1.14 Construct package bundles (HO)
Package: infwarerr 2016/05/16 v1.4 Providing info/warning/error messages (HO)
Package: ltxcmds 2016/05/16 v1.23 LaTeX kernel commands for general use (HO)
Package hobsub Info: Skipping package `ifluatex' (already loaded).
Package hobsub Info: Skipping package `ifvtex' (already loaded).
Package: intcalc 2016/05/16 v1.2 Expandable calculations with integers (HO)
Package hobsub Info: Skipping package `ifpdf' (already loaded).
Package: etexcmds 2016/05/16 v1.6 Avoid name clashes with e-TeX commands (HO)
Package etexcmds Info: Could not find \expanded.
(etexcmds)             That can mean that you are not using pdfTeX 1.50 or
(etexcmds)             that some package has redefined \expanded.
(etexcmds)             In the latter case, load this package earlier.
Package: kvsetkeys 2016/05/16 v1.17 Key value parser (HO)
Package: kvdefinekeys 2016/05/16 v1.4 Define keys (HO)
Package: pdftexcmds 2018/01/30 v0.27 Utility functions of pdfTeX for LuaTeX (HO
)
Package pdftexcmds Info: LuaTeX not detected.
Package pdftexcmds Info: \pdf@primitive is available.
Package pdftexcmds Info: \pdf@ifprimitive is available.
Package pdftexcmds Info: \pdfdraftmode found.
Package: pdfescape 2016/05/16 v1.14 Implements pdfTeX's escape features (HO)
Package: bigintcalc 2016/05/16 v1.4 Expandable calculations on big integers (HO
)
Package: bitset 2016/05/16 v1.2 Handle bit-vector datatype (HO)
Package: uniquecounter 2016/05/16 v1.3 Provide unlimited unique counter (HO)
)
Package hobsub Info: Skipping package `hobsub' (already loaded).
Package: letltxmacro 2016/05/16 v1.5 Let assignment for LaTeX macros (HO)
Package: hopatch 2016/05/16 v1.3 Wrapper for package hooks (HO)
Package: xcolor-patch 2016/05/16 xcolor patch
Package: atveryend 2016/05/16 v1.9 Hooks at the very end of document (HO)
Package atveryend Info: \enddocument detected (standard20110627).
Package: atbegshi 2016/06/09 v1.18 At begin shipout hook (HO)
Package: refcount 2016/05/16 v3.5 Data extraction from label references (HO)
Package: hycolor 2016/05/16 v1.8 Color options for hyperref/bookmark (HO)
) ("C:\Program Files\MiKTeX 2.9\tex\latex\oberdiek\auxhook.sty"
Package: auxhook 2016/05/16 v1.4 Hooks for auxiliary files (HO)
) ("C:\Program Files\MiKTeX 2.9\tex\latex\oberdiek\kvoptions.sty"
Package: kvoptions 2016/05/16 v3.12 Key value format for package options (HO)
)
\@linkdim=\dimen121
\Hy@linkcounter=\count106
\Hy@pagecounter=\count107
("C:\Program Files\MiKTeX 2.9\tex\latex\hyperref\pd1enc.def"
File: pd1enc.def 2018/02/06 v6.86b Hyperref: PDFDocEncoding definition (HO)
Now handling font encoding PD1 ...
... no UTF-8 mapping file for font encoding PD1
)
\Hy@SavedSpaceFactor=\count108
("C:\Program Files\MiKTeX 2.9\tex\latex\00miktex\hyperref.cfg"
File: hyperref.cfg 2002/06/06 v1.2 hyperref configuration of TeXLive
)
Package hyperref Info: Hyper figures OFF on input line 4509.
Package hyperref Info: Link nesting OFF on input line 4514.
Package hyperref Info: Hyper index ON on input line 4517.
Package hyperref Info: Plain pages OFF on input line 4524.
Package hyperref Info: Backreferencing OFF on input line 4529.
Package hyperref Info: Implicit mode ON; LaTeX internals redefined.
Package hyperref Info: Bookmarks ON on input line 4762.
\c@Hy@tempcnt=\count109
("C:\Program Files\MiKTeX 2.9\tex\latex\url\url.sty"
\Urlmuskip=\muskip11
Package: url 2013/09/16  ver 3.4  Verb mode for urls, etc.
)
LaTeX Info: Redefining \url on input line 5115.
\XeTeXLinkMargin=\dimen122
\Fld@menulength=\count110
\Field@Width=\dimen123
\Fld@charsize=\dimen124
Package hyperref Info: Hyper figures OFF on input line 6369.
Package hyperref Info: Link nesting OFF on input line 6374.
Package hyperref Info: Hyper index ON on input line 6377.
Package hyperref Info: backreferencing OFF on input line 6384.
Package hyperref Info: Link coloring OFF on input line 6389.
Package hyperref Info: Link coloring with OCG OFF on input line 6394.
Package hyperref Info: PDF/A mode OFF on input line 6399.
LaTeX Info: Redefining \ref on input line 6439.
LaTeX Info: Redefining \pageref on input line 6443.
\Hy@abspage=\count111
\c@Item=\count112
\c@Hfootnote=\count113
)
Package hyperref Info: Driver (autodetected): hpdftex.
("C:\Program Files\MiKTeX 2.9\tex\latex\hyperref\hpdftex.def"
File: hpdftex.def 2018/02/06 v6.86b Hyperref driver for pdfTeX
\Fld@listcount=\count114
\c@bookmark@seq@number=\count115
("C:\Program Files\MiKTeX 2.9\tex\latex\oberdiek\rerunfilecheck.sty"
Package: rerunfilecheck 2016/05/16 v1.8 Rerun checks for auxiliary files (HO)
Package uniquecounter Info: New unique counter `rerunfilecheck' on input line 2
82.
)
\Hy@SectionHShift=\skip47
)
Package hyperref Info: Option `unicode' set `true' on input line 30.
("C:\Program Files\MiKTeX 2.9\tex\latex\hyperref\puenc.def"
File: puenc.def 2018/02/06 v6.86b Hyperref: PDF Unicode definition (HO)
Now handling font encoding PU ...
... no UTF-8 mapping file for font encoding PU
)
Package hyperref Info: Option `breaklinks' set `true' on input line 30.
("C:\Program Files\MiKTeX 2.9\tex\latex\tools\longtable.sty"
Package: longtable 2014/10/28 v4.11 Multi-page Table package (DPC)
\LTleft=\skip48
\LTright=\skip49
\LTpre=\skip50
\LTpost=\skip51
\LTchunksize=\count116
\LTcapwidth=\dimen125
\LT@head=\box28
\LT@firsthead=\box29
\LT@foot=\box30
\LT@lastfoot=\box31
\LT@cols=\count117
\LT@rows=\count118
\c@LT@tables=\count119
\c@LT@chunks=\count120
\LT@p@ftn=\toks25
) ("C:\Program Files\MiKTeX 2.9\tex\latex\booktabs\booktabs.sty"
Package: booktabs 2005/04/14 v1.61803 publication quality tables
\heavyrulewidth=\dimen126
\lightrulewidth=\dimen127
\cmidrulewidth=\dimen128
\belowrulesep=\dimen129
\belowbottomsep=\dimen130
\aboverulesep=\dimen131
\abovetopsep=\dimen132
\cmidrulesep=\dimen133
\cmidrulekern=\dimen134
\defaultaddspace=\dimen135
\@cmidla=\count121
\@cmidlb=\count122
\@aboverulesep=\dimen136
\@belowrulesep=\dimen137
\@thisruleclass=\count123
\@lastruleclass=\count124
\@thisrulewidth=\dimen138
) ("C:\Program Files\MiKTeX 2.9\tex\latex\graphics\graphicx.sty"
Package: graphicx 2017/06/01 v1.1a Enhanced LaTeX Graphics (DPC,SPQR)
("C:\Program Files\MiKTeX 2.9\tex\latex\graphics\graphics.sty"
Package: graphics 2017/06/25 v1.2c Standard LaTeX Graphics (DPC,SPQR)
("C:\Program Files\MiKTeX 2.9\tex\latex\graphics\trig.sty"
Package: trig 2016/01/03 v1.10 sin cos tan (DPC)
) ("C:\Program Files\MiKTeX 2.9\tex\latex\graphics-cfg\graphics.cfg"
File: graphics.cfg 2016/06/04 v1.11 sample graphics configuration
)
Package graphics Info: Driver file: pdftex.def on input line 99.
("C:\Program Files\MiKTeX 2.9\tex\latex\graphics-def\pdftex.def"
File: pdftex.def 2018/01/08 v1.0l Graphics/color driver for pdftex
))
\Gin@req@height=\dimen139
\Gin@req@width=\dimen140
) ("C:\Program Files\MiKTeX 2.9\tex\latex\oberdiek\grffile.sty"
Package: grffile 2017/06/30 v1.18 Extended file name support for graphics (HO)
Package grffile Info: Option `multidot' is set to `true'.
Package grffile Info: Option `extendedchars' is set to `false'.
Package grffile Info: Option `space' is set to `true'.
Package grffile Info: \Gin@ii of package `graphicx' fixed on input line 494.
) ("C:\Program Files\MiKTeX 2.9\tex\latex\parskip\parskip.sty"
Package: parskip 2001/04/09 non-zero parskip adjustments
) ("C:\Program Files\MiKTeX 2.9\tex\latex\titling\titling.sty"
Package: titling 2009/09/04 v2.1d maketitle typesetting
\thanksmarkwidth=\skip52
\thanksmargin=\skip53
\droptitle=\skip54
) ("C:\Program Files\MiKTeX 2.9\tex\latex\amscls\amsthm.sty"
Package: amsthm 2017/10/31 v2.20.4
\thm@style=\toks26
\thm@bodyfont=\toks27
\thm@headfont=\toks28
\thm@notefont=\toks29
\thm@headpunct=\toks30
\thm@preskip=\skip55
\thm@postskip=\skip56
\thm@headsep=\skip57
\dth@everypar=\toks31
)
\c@theorem=\count125
\c@lemma=\count126
\c@definition=\count127
\c@corollary=\count128
\c@proposition=\count129
\c@example=\count130
\c@exercise=\count131
(_main.aux

LaTeX Warning: Label `mynotebox' multiply defined.


LaTeX Warning: Label `mynotebox' multiply defined.


LaTeX Warning: Label `myadvancedbox' multiply defined.


LaTeX Warning: Label `mynotebox' multiply defined.


LaTeX Warning: Label `myadvancedbox' multiply defined.


LaTeX Warning: Label `myexamplebox' multiply defined.


LaTeX Warning: Label `myadvancedbox' multiply defined.


LaTeX Warning: Label `myadvancedbox' multiply defined.


LaTeX Warning: Label `myadvancedbox' multiply defined.


LaTeX Warning: Label `myadvancedbox' multiply defined.


LaTeX Warning: Label `myadvancedbox' multiply defined.


LaTeX Warning: Label `myexamplebox' multiply defined.


LaTeX Warning: Label `myexamplebox' multiply defined.


LaTeX Warning: Label `myadvancedbox' multiply defined.


LaTeX Warning: Label `references' multiply defined.

)
\openout1 = `_main.aux'.

LaTeX Font Info:    Checking defaults for OML/cmm/m/it on input line 103.
LaTeX Font Info:    ... okay on input line 103.
LaTeX Font Info:    Checking defaults for T1/cmr/m/n on input line 103.
LaTeX Font Info:    ... okay on input line 103.
LaTeX Font Info:    Checking defaults for OT1/cmr/m/n on input line 103.
LaTeX Font Info:    ... okay on input line 103.
LaTeX Font Info:    Checking defaults for OMS/cmsy/m/n on input line 103.
LaTeX Font Info:    ... okay on input line 103.
LaTeX Font Info:    Checking defaults for OMX/cmex/m/n on input line 103.
LaTeX Font Info:    ... okay on input line 103.
LaTeX Font Info:    Checking defaults for U/cmr/m/n on input line 103.
LaTeX Font Info:    ... okay on input line 103.
LaTeX Font Info:    Checking defaults for TS1/cmr/m/n on input line 103.
LaTeX Font Info:    Try loading font information for TS1+cmr on input line 103.

("C:\Program Files\MiKTeX 2.9\tex\latex\base\ts1cmr.fd"
File: ts1cmr.fd 2014/09/29 v2.5h Standard LaTeX font definitions
)
LaTeX Font Info:    ... okay on input line 103.
LaTeX Font Info:    Checking defaults for PD1/pdf/m/n on input line 103.
LaTeX Font Info:    ... okay on input line 103.
LaTeX Font Info:    Checking defaults for PU/pdf/m/n on input line 103.
LaTeX Font Info:    ... okay on input line 103.
LaTeX Font Info:    Try loading font information for T1+lmr on input line 103.
("C:\Program Files\MiKTeX 2.9\tex\latex\lm\t1lmr.fd"
File: t1lmr.fd 2009/10/30 v1.6 Font defs for Latin Modern
)
LaTeX Info: Redefining \microtypecontext on input line 103.
Package microtype Info: Generating PDF output.
Package microtype Info: Character protrusion enabled (level 2).
Package microtype Info: Using protrusion set `basicmath'.
Package microtype Info: Automatic font expansion enabled (level 2),
(microtype)             stretch: 20, shrink: 20, step: 1, non-selected.
Package microtype Info: Using default expansion set `basictext'.
Package microtype Info: No adjustment of tracking.
Package microtype Info: No adjustment of interword spacing.
Package microtype Info: No adjustment of character kerning.
("C:\Program Files\MiKTeX 2.9\tex\latex\microtype\mt-cmr.cfg"
File: mt-cmr.cfg 2013/05/19 v2.2 microtype config. file: Computer Modern Roman 
(RS)
)
*geometry* driver: auto-detecting
*geometry* detected driver: pdftex
*geometry* verbose mode - [ preamble ] result:
* driver: pdftex
* paper: <default>
* layout: <same size as paper>
* layoutoffset:(h,v)=(0.0pt,0.0pt)
* modes: twoside 
* h-part:(L,W,R)=(72.26999pt, 469.75502pt, 72.26999pt)
* v-part:(T,H,B)=(72.26999pt, 650.43001pt, 72.26999pt)
* \paperwidth=614.295pt
* \paperheight=794.96999pt
* \textwidth=469.75502pt
* \textheight=650.43001pt
* \oddsidemargin=0.0pt
* \evensidemargin=0.0pt
* \topmargin=-30.06749pt
* \headheight=12.0pt
* \headsep=18.06749pt
* \topskip=10.0pt
* \footskip=25.29494pt
* \marginparwidth=125.0pt
* \marginparsep=7.0pt
* \columnsep=10.0pt
* \skip\footins=9.0pt plus 4.0pt minus 2.0pt
* \hoffset=0.0pt
* \voffset=0.0pt
* \mag=1000
* \@twocolumnfalse
* \@twosidetrue
* \@mparswitchtrue
* \@reversemarginfalse
* (1in=72.27pt=25.4mm, 1cm=28.453pt)

\AtBeginShipoutBox=\box32
Package hyperref Info: Link coloring OFF on input line 103.
("C:\Program Files\MiKTeX 2.9\tex\latex\hyperref\nameref.sty"
Package: nameref 2016/05/21 v2.44 Cross-referencing by name of section
("C:\Program Files\MiKTeX 2.9\tex\generic\oberdiek\gettitlestring.sty"
Package: gettitlestring 2016/05/16 v1.5 Cleanup title references (HO)
)
\c@section@level=\count132
)
LaTeX Info: Redefining \ref on input line 103.
LaTeX Info: Redefining \pageref on input line 103.
LaTeX Info: Redefining \nameref on input line 103.
(_main.out) (_main.out)
\@outlinefile=\write3
\openout3 = `_main.out'.

("C:\Program Files\MiKTeX 2.9\tex\context\base\supp-pdf.mkii"
[Loading MPS to PDF converter (version 2006.09.02).]
\scratchcounter=\count133
\scratchdimen=\dimen141
\scratchbox=\box33
\nofMPsegments=\count134
\nofMParguments=\count135
\everyMPshowfont=\toks32
\MPscratchCnt=\count136
\MPscratchDim=\dimen142
\MPnumerator=\count137
\makeMPintoPDFobject=\count138
\everyMPtoPDFconversion=\toks33
) ("C:\Program Files\MiKTeX 2.9\tex\latex\oberdiek\epstopdf-base.sty"
Package: epstopdf-base 2016/05/15 v2.6 Base part for package epstopdf
("C:\Program Files\MiKTeX 2.9\tex\latex\oberdiek\grfext.sty"
Package: grfext 2016/05/16 v1.2 Manage graphics extensions (HO)
)
Package epstopdf-base Info: Redefining graphics rule for `.eps' on input line 4
38.
Package grfext Info: Graphics extension search list:
(grfext)             [.pdf,.png,.jpg,.mps,.jpeg,.jbig2,.jb2,.PDF,.PNG,.JPG,.JPE
G,.JBIG2,.JB2,.eps]
(grfext)             \AppendGraphicsExtensions on input line 456.
) [1


{C:/Users/andreas/AppData/Local/MiKTeX/2.9/pdftex/config/pdftex.map}] [2

] (_main.toc
LaTeX Font Info:    Try loading font information for OT1+lmr on input line 3.
("C:\Program Files\MiKTeX 2.9\tex\latex\lm\ot1lmr.fd"
File: ot1lmr.fd 2009/10/30 v1.6 Font defs for Latin Modern
)
LaTeX Font Info:    Try loading font information for OML+lmm on input line 3.
("C:\Program Files\MiKTeX 2.9\tex\latex\lm\omllmm.fd"
File: omllmm.fd 2009/10/30 v1.6 Font defs for Latin Modern
)
LaTeX Font Info:    Try loading font information for OMS+lmsy on input line 3.
("C:\Program Files\MiKTeX 2.9\tex\latex\lm\omslmsy.fd"
File: omslmsy.fd 2009/10/30 v1.6 Font defs for Latin Modern
)
LaTeX Font Info:    Try loading font information for OMX+lmex on input line 3.
("C:\Program Files\MiKTeX 2.9\tex\latex\lm\omxlmex.fd"
File: omxlmex.fd 2009/10/30 v1.6 Font defs for Latin Modern
)
LaTeX Font Info:    External font `lmex10' loaded for size
(Font)              <10> on input line 3.
LaTeX Font Info:    External font `lmex10' loaded for size
(Font)              <7> on input line 3.
LaTeX Font Info:    External font `lmex10' loaded for size
(Font)              <5> on input line 3.
LaTeX Font Info:    Try loading font information for U+msa on input line 3.
("C:\Program Files\MiKTeX 2.9\tex\latex\amsfonts\umsa.fd"
File: umsa.fd 2013/01/14 v3.01 AMS symbols A
) ("C:\Program Files\MiKTeX 2.9\tex\latex\microtype\mt-msa.cfg"
File: mt-msa.cfg 2006/02/04 v1.1 microtype config. file: AMS symbols (a) (RS)
)
LaTeX Font Info:    Try loading font information for U+msb on input line 3.
("C:\Program Files\MiKTeX 2.9\tex\latex\amsfonts\umsb.fd"
File: umsb.fd 2013/01/14 v3.01 AMS symbols B
) ("C:\Program Files\MiKTeX 2.9\tex\latex\microtype\mt-msb.cfg"
File: mt-msb.cfg 2005/06/01 v1.0 microtype config. file: AMS symbols (b) (RS)
) [3] [4] [5] [6] [7])
\tf@toc=\write4
\openout4 = `_main.toc'.

[8] [9

] [10

]
Chapter 1.
[11]
LaTeX Font Info:    Try loading font information for TS1+lmr on input line 235.

("C:\Program Files\MiKTeX 2.9\tex\latex\lm\ts1lmr.fd"
File: ts1lmr.fd 2009/10/30 v1.6 Font defs for Latin Modern
) [12]
Chapter 2.
<./images/epi-triangle.png, id=1319, 268.8444pt x 236.5638pt>
File: ./images/epi-triangle.png Graphic file (type png)
<use ./images/epi-triangle.png>
Package pdftex.def Info: ./images/epi-triangle.png  used on input line 303.
(pdftex.def)             Requested size: 268.84375pt x 236.5632pt.
[13

]
<./images/complexsystem.png, id=1329, 244.2726pt x 231.7458pt>
File: ./images/complexsystem.png Graphic file (type png)
<use ./images/complexsystem.png>
Package pdftex.def Info: ./images/complexsystem.png  used on input line 325.
(pdftex.def)             Requested size: 244.27573pt x 231.74875pt.
[14 <./images/epi-triangle.png>]
<./images/phenomodel.png, id=1340, 684.8787pt x 411.6981pt>
File: ./images/phenomodel.png Graphic file (type png)
<use ./images/phenomodel.png>
Package pdftex.def Info: ./images/phenomodel.png  used on input line 374.
(pdftex.def)             Requested size: 469.75565pt x 282.38213pt.
[15 <./images/complexsystem.png>] [16 <./images/phenomodel.png>]
<./images/moving-triangle.png, id=1360, 393.3897pt x 160.4394pt>
File: ./images/moving-triangle.png Graphic file (type png)
<use ./images/moving-triangle.png>
Package pdftex.def Info: ./images/moving-triangle.png  used on input line 473.
(pdftex.def)             Requested size: 393.38873pt x 160.43901pt.
[17 <./images/moving-triangle.png>] [18]
Underfull \hbox (badness 10000) in paragraph at lines 605--610

 []

<./images/basicSIRmodelfigure.png, id=1382, 410.2527pt x 65.043pt>
File: ./images/basicSIRmodelfigure.png Graphic file (type png)
<use ./images/basicSIRmodelfigure.png>
Package pdftex.def Info: ./images/basicSIRmodelfigure.png  used on input line 6
38.
(pdftex.def)             Requested size: 410.2517pt x 65.04283pt.
[19 <./images/basicSIRmodelfigure.png>]
<./images/sirsim.png, id=1393, 684.8787pt x 411.6981pt>
File: ./images/sirsim.png Graphic file (type png)
<use ./images/sirsim.png>
Package pdftex.def Info: ./images/sirsim.png  used on input line 655.
(pdftex.def)             Requested size: 469.75565pt x 282.38213pt.
[20 <./images/sirsim.png>]
<./images/xkcd-flowcharts.png, id=1404, 668.4975pt x 700.11563pt>
File: ./images/xkcd-flowcharts.png Graphic file (type png)
<use ./images/xkcd-flowcharts.png>
Package pdftex.def Info: ./images/xkcd-flowcharts.png  used on input line 720.
(pdftex.def)             Requested size: 469.77094pt x 491.98984pt.
[21] [22 <./images/xkcd-flowcharts.png>] [23] [24

]
Chapter 3.
[25] [26] [27]
<./images/ComplicatedModel.png, id=1478, 587.5551pt x 205.0059pt>
File: ./images/ComplicatedModel.png Graphic file (type png)
<use ./images/ComplicatedModel.png>
Package pdftex.def Info: ./images/ComplicatedModel.png  used on input line 1007
.
(pdftex.def)             Requested size: 469.76678pt x 163.90796pt.
<./images/xkcd-course-of-colds.png, id=1480, 379.4175pt x 284.56313pt>
File: ./images/xkcd-course-of-colds.png Graphic file (type png)
<use ./images/xkcd-course-of-colds.png>
Package pdftex.def Info: ./images/xkcd-course-of-colds.png  used on input line 
1038.
(pdftex.def)             Requested size: 379.42235pt x 284.56676pt.
[28 <./images/ComplicatedModel.png>] [29 <./images/xkcd-course-of-colds.png>] [
30

]
Chapter 4.
<./images/IDcycles.png, id=1507, 501.19244pt x 388.45125pt>
File: ./images/IDcycles.png Graphic file (type png)
<use ./images/IDcycles.png>
Package pdftex.def Info: ./images/IDcycles.png  used on input line 1127.
(pdftex.def)             Requested size: 469.75203pt x 364.08322pt.
[31] [32 <./images/IDcycles.png (PNG copy)>]
<./images/R0modelfigure.png, id=1521, 432.6564pt x 109.3686pt>
File: ./images/R0modelfigure.png Graphic file (type png)
<use ./images/R0modelfigure.png>
Package pdftex.def Info: ./images/R0modelfigure.png  used on input line 1178.
(pdftex.def)             Requested size: 432.65535pt x 109.36832pt.

LaTeX Warning: Reference `fig:birthdheathmodel' on page 33 undefined on input l
ine 1193.


Underfull \vbox (badness 1048) has occurred while \output is active []

[33 <./images/R0modelfigure.png>]

LaTeX Warning: Reference `R0' on page 34 undefined on input line 1243.

[34] [35]
LaTeX Font Info:    Try loading font information for T1+lmtt on input line 1365
.
("C:\Program Files\MiKTeX 2.9\tex\latex\lm\t1lmtt.fd"
File: t1lmtt.fd 2009/10/30 v1.6 Font defs for Latin Modern
)
<./images/SSmaxima.png, id=1553, 758.08218pt x 121.20282pt>
File: ./images/SSmaxima.png Graphic file (type png)
<use ./images/SSmaxima.png>
Package pdftex.def Info: ./images/SSmaxima.png  used on input line 1371.
(pdftex.def)             Requested size: 469.76317pt x 75.10612pt.
<./images/gonorrhea.png, id=1556, 660.4675pt x 278.03876pt>
File: ./images/gonorrhea.png Graphic file (type png)
<use ./images/gonorrhea.png>
Package pdftex.def Info: ./images/gonorrhea.png  used on input line 1419.
(pdftex.def)             Requested size: 469.77167pt x 197.76102pt.
[36 <./images/SSmaxima.png>]
<./images/phd_sciencenewscycle.png, id=1566, 602.25pt x 669.50125pt>
File: ./images/phd_sciencenewscycle.png Graphic file (type png)
<use ./images/phd_sciencenewscycle.png>
Package pdftex.def Info: ./images/phd_sciencenewscycle.png  used on input line 
1453.
(pdftex.def)             Requested size: 469.77148pt x 522.22931pt.
[37 <./images/gonorrhea.png>] [38 <./images/phd_sciencenewscycle.png>] [39] [40

]
Chapter 5.

Underfull \vbox (badness 1824) has occurred while \output is active []

[41]
<./images/R0scheme.png, id=1614, 416.5161pt x 396.5214pt>
File: ./images/R0scheme.png Graphic file (type png)
<use ./images/R0scheme.png>
Package pdftex.def Info: ./images/R0scheme.png  used on input line 1571.
(pdftex.def)             Requested size: 416.52779pt x 396.53252pt.

Underfull \vbox (badness 10000) has occurred while \output is active []

[42 <./images/R0scheme.png>] [43]
<./images/R0intervention.png, id=1630, 650.43pt x 361.35pt>
File: ./images/R0intervention.png Graphic file (type png)
<use ./images/R0intervention.png>
Package pdftex.def Info: ./images/R0intervention.png  used on input line 1736.
(pdftex.def)             Requested size: 469.76817pt x 260.98232pt.
[44]
<./images/kr-R0intervention.png, id=1638, 513.47835pt x 412.1799pt>
File: ./images/kr-R0intervention.png Graphic file (type png)
<use ./images/kr-R0intervention.png>
Package pdftex.def Info: ./images/kr-R0intervention.png  used on input line 178
3.
(pdftex.def)             Requested size: 469.75755pt x 377.08429pt.
[45 <./images/R0intervention.png>] [46 <./images/kr-R0intervention.png>]
<./images/viboud-R0.png, id=1653, 1079.9547pt x 343.7643pt>
File: ./images/viboud-R0.png Graphic file (type png)
<use ./images/viboud-R0.png>
Package pdftex.def Info: ./images/viboud-R0.png  used on input line 1846.
(pdftex.def)             Requested size: 469.76003pt x 149.531pt.
[47]
<./images/outbreaksize.png, id=1664, 407.121pt x 330.87614pt>
File: ./images/outbreaksize.png Graphic file (type png)
<use ./images/outbreaksize.png>
Package pdftex.def Info: ./images/outbreaksize.png  used on input line 1883.
(pdftex.def)             Requested size: 407.12001pt x 330.87534pt.
<./images/R0age.png, id=1668, 513.47835pt x 215.48505pt>
File: ./images/R0age.png Graphic file (type png)
<use ./images/R0age.png>
Package pdftex.def Info: ./images/R0age.png  used on input line 1932.
(pdftex.def)             Requested size: 469.75755pt x 197.13728pt.
[48 <./images/viboud-R0.png>] [49 <./images/outbreaksize.png> <./images/R0age.p
ng>] [50]
<./images/xkcd-outbreak-control.png, id=1703, 742.775pt x 252.945pt>
File: ./images/xkcd-outbreak-control.png Graphic file (type png)
<use ./images/xkcd-outbreak-control.png>
Package pdftex.def Info: ./images/xkcd-outbreak-control.png  used on input line
 2055.
(pdftex.def)             Requested size: 469.76413pt x 159.97372pt.
[51 <./images/xkcd-outbreak-control.png>] [52]
Chapter 6.
[53

]
<./images/xkcd-swine_flu.png, id=1732, 399.38684pt x 677.05579pt>
File: ./images/xkcd-swine_flu.png Graphic file (type png)
<use ./images/xkcd-swine_flu.png>
Package pdftex.def Info: ./images/xkcd-swine_flu.png  used on input line 2218.
(pdftex.def)             Requested size: 383.70563pt x 650.4724pt.

LaTeX Warning: Float too large for page by 35.98682pt on input line 2222.

[54] [55 <./images/xkcd-swine_flu.png>] [56]
Chapter 7.
[57

] [58]
<./images/smbctransmissionmode.png, id=1767, 686.565pt x 1840.8775pt>
File: ./images/smbctransmissionmode.png Graphic file (type png)
<use ./images/smbctransmissionmode.png>
Package pdftex.def Info: ./images/smbctransmissionmode.png  used on input line 
2412.
(pdftex.def)             Requested size: 242.58514pt x 650.44029pt.

LaTeX Warning: Float too large for page by 23.95471pt on input line 2416.

[59] [60 <./images/smbctransmissionmode.png>]
Chapter 8.
<./images/environmentaltransmissionscheme.png, id=1784, 315.579pt x 153.6942pt>

File: ./images/environmentaltransmissionscheme.png Graphic file (type png)
<use ./images/environmentaltransmissionscheme.png>
Package pdftex.def Info: ./images/environmentaltransmissionscheme.png  used on 
input line 2505.
(pdftex.def)             Requested size: 315.58784pt x 153.69849pt.

Underfull \vbox (badness 1308) has occurred while \output is active []

[61

] [62 <./images/environmentaltransmissionscheme.png>]
<./images/xkcd-hand_sanitizer.png, id=1797, 570.13pt x 213.79875pt>
File: ./images/xkcd-hand_sanitizer.png Graphic file (type png)
<use ./images/xkcd-hand_sanitizer.png>
Package pdftex.def Info: ./images/xkcd-hand_sanitizer.png  used on input line 2
588.
(pdftex.def)             Requested size: 469.7541pt x 176.15778pt.
[63 <./images/xkcd-hand_sanitizer.png>] [64]
Chapter 9.
<./images/vectorborne-schematic.png, id=1818, 361.35pt x 144.54pt>
File: ./images/vectorborne-schematic.png Graphic file (type png)
<use ./images/vectorborne-schematic.png>
Package pdftex.def Info: ./images/vectorborne-schematic.png  used on input line
 2661.
(pdftex.def)             Requested size: 361.34912pt x 144.53963pt.
[65

 <./images/vectorborne-schematic.png>] [66]
<./images/xkcd-mosquito-ringtone.png, id=1830, 230.36063pt x 423.68288pt>
File: ./images/xkcd-mosquito-ringtone.png Graphic file (type png)
<use ./images/xkcd-mosquito-ringtone.png>
Package pdftex.def Info: ./images/xkcd-mosquito-ringtone.png  used on input lin
e 2761.
(pdftex.def)             Requested size: 230.36005pt x 423.68184pt.
[67 <./images/xkcd-mosquito-ringtone.png>] [68]
Chapter 10.
[69

] [70] [71]
<./images/xkcd-disease-eradication.png, id=1864, 542.92838pt x 516.7305pt>
File: ./images/xkcd-disease-eradication.png Graphic file (type png)
<use ./images/xkcd-disease-eradication.png>
Package pdftex.def Info: ./images/xkcd-disease-eradication.png  used on input l
ine 3056.
(pdftex.def)             Requested size: 469.76743pt x 447.09978pt.
[72] [73 <./images/xkcd-disease-eradication.png>] [74]
Chapter 11.
[75

]
<./images/xkcd-listening.png, id=1889, 286.06876pt x 414.54875pt>
File: ./images/xkcd-listening.png Graphic file (type png)
<use ./images/xkcd-listening.png>
Package pdftex.def Info: ./images/xkcd-listening.png  used on input line 3155.
(pdftex.def)             Requested size: 286.07242pt x 414.55405pt.
[76 <./images/xkcd-listening.png>] [77] [78

]
Chapter 12.
[79] [80]
<./images/heterogeneityexample.png, id=1924, 556.7199pt x 269.808pt>
File: ./images/heterogeneityexample.png Graphic file (type png)
<use ./images/heterogeneityexample.png>
Package pdftex.def Info: ./images/heterogeneityexample.png  used on input line 
3351.
(pdftex.def)             Requested size: 469.77371pt x 227.67052pt.
[81]
<./images/crazyvenndiagram.png, id=1932, 401.5pt x 397.485pt>
File: ./images/crazyvenndiagram.png Graphic file (type png)
<use ./images/crazyvenndiagram.png>
Package pdftex.def Info: ./images/crazyvenndiagram.png  used on input line 3403
.
(pdftex.def)             Requested size: 401.51125pt x 397.49614pt.
[82 <./images/heterogeneityexample.png>] [83 <./images/crazyvenndiagram.png>] [
84]
Chapter 13.
[85

] [86]
<./images/multipathogenmodel.png, id=2007, 474.0912pt x 169.8345pt>
File: ./images/multipathogenmodel.png Graphic file (type png)
<use ./images/multipathogenmodel.png>
Package pdftex.def Info: ./images/multipathogenmodel.png  used on input line 36
10.
(pdftex.def)             Requested size: 469.77855pt x 168.28955pt.
<./images/xkcd-sick_day.png, id=2008, 498.86375pt x 424.58624pt>
File: ./images/xkcd-sick_day.png Graphic file (type png)
<use ./images/xkcd-sick_day.png>
Package pdftex.def Info: ./images/xkcd-sick_day.png  used on input line 3632.
(pdftex.def)             Requested size: 469.76932pt x 399.82378pt.
[87 <./images/multipathogenmodel.png>] [88 <./images/xkcd-sick_day.png>] [89] [
90

]
Chapter 14.
[91] [92]
<./images/smallpox.png, id=2048, 144.54pt x 102.8643pt>
File: ./images/smallpox.png Graphic file (type png)
<use ./images/smallpox.png>
Package pdftex.def Info: ./images/smallpox.png  used on input line 3876.
(pdftex.def)             Requested size: 144.54404pt x 102.86717pt.
[93] [94 <./images/smallpox.png>]
Chapter 15.
[95

]
<./images/smbc-ID-evolution.png, id=2085, 686.565pt x 1150.2975pt>
File: ./images/smbc-ID-evolution.png Graphic file (type png)
<use ./images/smbc-ID-evolution.png>
Package pdftex.def Info: ./images/smbc-ID-evolution.png  used on input line 404
9.
(pdftex.def)             Requested size: 388.22423pt x 650.44588pt.

LaTeX Warning: Float too large for page by 48.51587pt on input line 4054.

[96] [97 <./images/smbc-ID-evolution.png (PNG copy)>] [98]
Chapter 16.
[99

] [100]
Chapter 17.
[101

] [102] [103] [104

]
Chapter 18.
[105] [106]
Chapter 19.
<./images/network-diagram.png, id=2162, 302.3295pt x 150.5625pt>
File: ./images/network-diagram.png Graphic file (type png)
<use ./images/network-diagram.png>
Package pdftex.def Info: ./images/network-diagram.png  used on input line 4438.

(pdftex.def)             Requested size: 302.34258pt x 150.569pt.
[107

]
<./images/complex-network-diagram.png, id=2167, 171.039pt x 148.8762pt>
File: ./images/complex-network-diagram.png Graphic file (type png)
<use ./images/complex-network-diagram.png>
Package pdftex.def Info: ./images/complex-network-diagram.png  used on input li
ne 4477.
(pdftex.def)             Requested size: 171.03857pt x 148.87584pt.
[108 <./images/network-diagram.png> <./images/complex-network-diagram.png>]
<./images/network-examples.png, id=2178, 752.8125pt x 602.25pt>
File: ./images/network-examples.png Graphic file (type png)
<use ./images/network-examples.png>
Package pdftex.def Info: ./images/network-examples.png  used on input line 4537
.
(pdftex.def)             Requested size: 469.77148pt x 375.81718pt.
[109] [110 <./images/network-examples.png>]
<./images/xkcd-network.png, id=2195, 742.775pt x 415.5525pt>
File: ./images/xkcd-network.png Graphic file (type png)
<use ./images/xkcd-network.png>
Package pdftex.def Info: ./images/xkcd-network.png  used on input line 4603.
(pdftex.def)             Requested size: 469.76413pt x 262.81398pt.
[111] [112 <./images/xkcd-network.png>]
Chapter 20.
[113

] [114

]
Chapter 21.
[115] [116]
Chapter 22.
<./images/mapfigure.png, id=2237, 1831.5627pt x 576.2328pt>
File: ./images/mapfigure.png Graphic file (type png)
<use ./images/mapfigure.png>
Package pdftex.def Info: ./images/mapfigure.png  used on input line 4834.
(pdftex.def)             Requested size: 469.73924pt x 147.7859pt.
[117

] [118 <./images/mapfigure.png>]
Chapter 23.
[119

] [120]
Chapter 24.
[121

] [122

]
Chapter 25.
[123] [124

]
Chapter 26.
[125] [126] [127] [128] [129]
Underfull \hbox (badness 1005) in paragraph at lines 5538--5542
[]\T1/lmr/m/n/10 (+20) Ness, Roberta B., James S. Koop-man, and Mark S. Roberts
. 2007. ``Causal Sys-tem Mod-el-
 []


Underfull \hbox (badness 1406) in paragraph at lines 5538--5542
\T1/lmr/m/n/10 (+20) ing in Chronic Dis-ease Epi-demi-ol-ogy: A Pro-posal.'' \T
1/lmr/m/it/10 (+20) An-nals of Epi-demi-ol-ogy \T1/lmr/m/n/10 (+20) 17 (7): 564
--68.
 []


Underfull \hbox (badness 1642) in paragraph at lines 5554--5558
[]\T1/lmr/m/n/10 (+20) Pastor-Satorras, Ro-mualdo, Clau-dio Castel-lano, Piet V
an Mieghem, and Alessan-dro Vespig-nani.
 []

[130] [131]
Package atveryend Info: Empty hook `BeforeClearDocument' on input line 5770.
[132]
Package atveryend Info: Empty hook `AfterLastShipout' on input line 5770.
(_main.aux)
Package atveryend Info: Executing hook `AtVeryEndDocument' on input line 5770.
Package atveryend Info: Executing hook `AtEndAfterFileList' on input line 5770.

Package rerunfilecheck Info: File `_main.out' has not changed.
(rerunfilecheck)             Checksum: C42960704988748144F3A3755F91C247;41751.

LaTeX Warning: There were undefined references.


LaTeX Warning: There were multiply-defined labels.

Package atveryend Info: Empty hook `AtVeryVeryEnd' on input line 5770.
 ) 
Here is how much of TeX's memory you used:
 13737 strings out of 492973
 203325 string characters out of 3135927
 308994 words of memory out of 3000000
 16656 multiletter control sequences out of 15000+200000
 75674 words of font info for 139 fonts, out of 3000000 for 9000
 1141 hyphenation exceptions out of 8191
 32i,8n,38p,416b,406s stack positions out of 5000i,500n,10000p,200000b,50000s
{C:/Program Files/MiKTeX 2.9/fonts/enc/dvips/lm/lm-mathsy.enc}{C:/Program Fil
es/MiKTeX 2.9/fonts/enc/dvips/lm/lm-rm.enc}{C:/Program Files/MiKTeX 2.9/fonts/e
nc/dvips/lm/lm-mathit.enc}{C:/Program Files/MiKTeX 2.9/fonts/enc/dvips/lm/lm-ec
.enc}{C:/Program Files/MiKTeX 2.9/fonts/enc/dvips/lm/lm-mathex.enc}{C:/Program 
Files/MiKTeX 2.9/fonts/enc/dvips/lm/lm-ts1.enc}<C:/Program Files/MiKTeX 2.9/fon
ts/type1/public/lm/lmbx10.pfb><C:/Program Files/MiKTeX 2.9/fonts/type1/public/l
m/lmbx12.pfb><C:/Program Files/MiKTeX 2.9/fonts/type1/public/lm/lmex10.pfb><C:/
Program Files/MiKTeX 2.9/fonts/type1/public/lm/lmmi10.pfb><C:/Program Files/MiK
TeX 2.9/fonts/type1/public/lm/lmmi7.pfb><C:/Program Files/MiKTeX 2.9/fonts/type
1/public/lm/lmr10.pfb><C:/Program Files/MiKTeX 2.9/fonts/type1/public/lm/lmr17.
pfb><C:/Program Files/MiKTeX 2.9/fonts/type1/public/lm/lmr5.pfb><C:/Program Fil
es/MiKTeX 2.9/fonts/type1/public/lm/lmr7.pfb><C:/Program Files/MiKTeX 2.9/fonts
/type1/public/lm/lmri10.pfb><C:/Program Files/MiKTeX 2.9/fonts/type1/public/lm/
lmri12.pfb><C:/Program Files/MiKTeX 2.9/fonts/type1/public/lm/lmri7.pfb><C:/Pro
gram Files/MiKTeX 2.9/fonts/type1/public/lm/lmro10.pfb><C:/Program Files/MiKTeX
 2.9/fonts/type1/public/lm/lmsy10.pfb><C:/Program Files/MiKTeX 2.9/fonts/type1/
public/lm/lmsy7.pfb><C:/Program Files/MiKTeX 2.9/fonts/type1/public/lm/lmtt10.p
fb>
Output written on _main.pdf (132 pages, 9437778 bytes).
PDF statistics:
 2598 PDF objects out of 2984 (max. 8388607)
 597 named destinations out of 1000 (max. 500000)
 14457 words of extra memory for PDF output out of 17280 (max. 10000000)

